<?xml version="1.0" encoding="UTF-8"?>
<testsuite name="com.mood.MoodAnalyserTest" tests="1" skipped="0" failures="0" errors="0" timestamp="2019-11-27T03:58:20" hostname="admin293-H110M-H" time="0.004">
  <properties/>
  <testcase name="givenMood_WhenHappy_Returns_Happy" classname="com.mood.MoodAnalyserTest" time="0.004"/>
  <system-out><![CDATA[]]></system-out>
  <system-err><![CDATA[]]></system-err>
</testsuite>
