<?xml version="1.0" encoding="UTF-8"?>
<testsuite name="com.mood.MoodAnalyserTest" tests="1" skipped="0" failures="0" errors="0" timestamp="2019-11-27T12:26:31" hostname="admin293-H110M-H" time="0.002">
  <properties/>
  <testcase name="givenMessageHappy_ShouldReturn_Happy" classname="com.mood.MoodAnalyserTest" time="0.002"/>
  <system-out><![CDATA[]]></system-out>
  <system-err><![CDATA[]]></system-err>
</testsuite>
